<?xml version="1.0" encoding="UTF-8" ?>
<testsuite tests="5" failures="0" name="com.collaborate.SocialBackend.BlogDaoTestCase" time="10.807" errors="0" skipped="4">
  <properties>
[...]
</properties>
  <testcase classname="com.collaborate.SocialBackend.BlogDaoTestCase" name="approveblog" time="2.578">
    <skipped/>
    <system-out>Data Source Created
</system-out>
    <system-err>Oct 05, 2017 1:05:54 PM org.springframework.context.annotation.AnnotationConfigApplicationContext prepareRefresh
INFO: Refreshing org.springframework.context.annotation.AnnotationConfigApplicationContext@42f30e0a: startup date [Thu Oct 05 13:05:54 IST 2017]; root of context hierarchy
Oct 05, 2017 1:05:54 PM org.springframework.jdbc.datasource.DriverManagerDataSource setDriverClassName
INFO: Loaded JDBC driver: oracle.jdbc.driver.OracleDriver
Oct 05, 2017 1:05:54 PM org.hibernate.annotations.common.reflection.java.JavaReflectionManager &lt;clinit&gt;
INFO: HCANN000001: Hibernate Commons Annotations {4.0.4.Final}
Oct 05, 2017 1:05:54 PM org.hibernate.Version logVersion
INFO: HHH000412: Hibernate Core {4.3.5.Final}
Oct 05, 2017 1:05:54 PM org.hibernate.cfg.Environment &lt;clinit&gt;
INFO: HHH000206: hibernate.properties not found
Oct 05, 2017 1:05:54 PM org.hibernate.cfg.Environment buildBytecodeProvider
INFO: HHH000021: Bytecode provider name : javassist
Oct 05, 2017 1:05:55 PM org.hibernate.dialect.Dialect &lt;init&gt;
INFO: HHH000400: Using dialect: org.hibernate.dialect.Oracle10gDialect
Oct 05, 2017 1:05:55 PM org.hibernate.engine.transaction.internal.TransactionFactoryInitiator initiateService
INFO: HHH000399: Using default transaction strategy (direct JDBC transactions)
Oct 05, 2017 1:05:55 PM org.hibernate.hql.internal.ast.ASTQueryTranslatorFactory &lt;init&gt;
INFO: HHH000397: Using ASTQueryTranslatorFactory
Oct 05, 2017 1:05:56 PM org.hibernate.tool.hbm2ddl.SchemaUpdate execute
INFO: HHH000228: Running hbm2ddl schema update
Oct 05, 2017 1:05:56 PM org.hibernate.tool.hbm2ddl.SchemaUpdate execute
INFO: HHH000102: Fetching database metadata
Oct 05, 2017 1:05:56 PM org.hibernate.tool.hbm2ddl.SchemaUpdate execute
INFO: HHH000396: Updating schema
Oct 05, 2017 1:05:56 PM org.hibernate.tool.hbm2ddl.TableMetadata &lt;init&gt;
INFO: HHH000261: Table found: COLLABORATION.BLOG
Oct 05, 2017 1:05:56 PM org.hibernate.tool.hbm2ddl.TableMetadata &lt;init&gt;
INFO: HHH000037: Columns: [blogname, blogcontent, createdate, blogid, userid, likes, status]
Oct 05, 2017 1:05:56 PM org.hibernate.tool.hbm2ddl.TableMetadata &lt;init&gt;
INFO: HHH000108: Foreign keys: []
Oct 05, 2017 1:05:56 PM org.hibernate.tool.hbm2ddl.TableMetadata &lt;init&gt;
INFO: HHH000126: Indexes: [sys_c007028]
Oct 05, 2017 1:05:56 PM org.hibernate.tool.hbm2ddl.TableMetadata &lt;init&gt;
INFO: HHH000261: Table found: COLLABORATION.USERTABLE
Oct 05, 2017 1:05:56 PM org.hibernate.tool.hbm2ddl.TableMetadata &lt;init&gt;
INFO: HHH000037: Columns: [firstname, password, role, emailid, username, isonline, lastname, status]
Oct 05, 2017 1:05:56 PM org.hibernate.tool.hbm2ddl.TableMetadata &lt;init&gt;
INFO: HHH000108: Foreign keys: []
Oct 05, 2017 1:05:56 PM org.hibernate.tool.hbm2ddl.TableMetadata &lt;init&gt;
INFO: HHH000126: Indexes: [sys_c007125]
Oct 05, 2017 1:05:56 PM org.hibernate.tool.hbm2ddl.SchemaUpdate execute
INFO: HHH000232: Schema update complete
Oct 05, 2017 1:05:56 PM org.springframework.orm.hibernate4.HibernateTransactionManager afterPropertiesSet
INFO: Using DataSource [org.springframework.jdbc.datasource.DriverManagerDataSource@7dc0f706] of Hibernate SessionFactory for HibernateTransactionManager
</system-err>
  </testcase>
  <testcase classname="com.collaborate.SocialBackend.BlogDaoTestCase" name="EditBlog" time="2.592">
    <skipped/>
  </testcase>
  <testcase classname="com.collaborate.SocialBackend.BlogDaoTestCase" name="blogTest" time="2.592">
    <skipped/>
  </testcase>
  <testcase classname="com.collaborate.SocialBackend.BlogDaoTestCase" name="getBlogByBlogID" time="2.592">
    <skipped/>
  </testcase>
  <testcase classname="com.collaborate.SocialBackend.BlogDaoTestCase" name="getallapprovedblogtest" time="0.453"/>
</testsuite>